C:\USERS\ADMINISTRATOR\DESKTOP\TRACKING\STEREO\LDA\LDA\LDA\DEBUG\LDA.OBJ
C:\USERS\ADMINISTRATOR\DESKTOP\TRACKING\STEREO\LDA\LDA\LDA\DEBUG\MATRIX.OBJ
C:\USERS\ADMINISTRATOR\DESKTOP\TRACKING\STEREO\LDA\LDA\LDA\DEBUG\VC110.PDB
C:\USERS\ADMINISTRATOR\DESKTOP\TRACKING\STEREO\LDA\LDA\DEBUG\LDA.ILK
C:\USERS\ADMINISTRATOR\DESKTOP\TRACKING\STEREO\LDA\LDA\DEBUG\LDA.EXE
C:\USERS\ADMINISTRATOR\DESKTOP\TRACKING\STEREO\LDA\LDA\DEBUG\LDA.PDB
C:\Users\Administrator\Desktop\tracking\stereo\LDA\LDA\LDA\Debug\lda.obj
C:\Users\Administrator\Desktop\tracking\stereo\LDA\LDA\LDA\Debug\matrix.obj
C:\Users\Administrator\Desktop\tracking\stereo\LDA\LDA\LDA\Debug\cl.command.1.tlog
C:\Users\Administrator\Desktop\tracking\stereo\LDA\LDA\LDA\Debug\CL.read.1.tlog
C:\Users\Administrator\Desktop\tracking\stereo\LDA\LDA\LDA\Debug\CL.write.1.tlog
C:\Users\Administrator\Desktop\tracking\stereo\LDA\LDA\LDA\Debug\link-cvtres.read.1.tlog
C:\Users\Administrator\Desktop\tracking\stereo\LDA\LDA\LDA\Debug\link-cvtres.write.1.tlog
C:\Users\Administrator\Desktop\tracking\stereo\LDA\LDA\LDA\Debug\link-rc.read.1.tlog
C:\Users\Administrator\Desktop\tracking\stereo\LDA\LDA\LDA\Debug\link-rc.write.1.tlog
C:\Users\Administrator\Desktop\tracking\stereo\LDA\LDA\LDA\Debug\link.3572-cvtres.read.1.tlog
C:\Users\Administrator\Desktop\tracking\stereo\LDA\LDA\LDA\Debug\link.3572-cvtres.write.1.tlog
C:\Users\Administrator\Desktop\tracking\stereo\LDA\LDA\LDA\Debug\link.3572-rc.read.1.tlog
C:\Users\Administrator\Desktop\tracking\stereo\LDA\LDA\LDA\Debug\link.3572-rc.write.1.tlog
C:\Users\Administrator\Desktop\tracking\stereo\LDA\LDA\LDA\Debug\link.3572.read.1.tlog
C:\Users\Administrator\Desktop\tracking\stereo\LDA\LDA\LDA\Debug\link.3572.write.1.tlog
C:\Users\Administrator\Desktop\tracking\stereo\LDA\LDA\LDA\Debug\link.command.1.tlog
C:\Users\Administrator\Desktop\tracking\stereo\LDA\LDA\LDA\Debug\link.read.1.tlog
C:\Users\Administrator\Desktop\tracking\stereo\LDA\LDA\LDA\Debug\link.read.2.tlog
C:\Users\Administrator\Desktop\tracking\stereo\LDA\LDA\LDA\Debug\link.write.1.tlog
C:\Users\Administrator\Desktop\tracking\stereo\LDA\LDA\LDA\Debug\vc110.idb
C:\Users\Administrator\Desktop\tracking\stereo\LDA\LDA\LDA\Debug\vc110.pdb
C:\Users\Administrator\Desktop\tracking\stereo\LDA\LDA\Debug\LDA.pdb
C:\Users\Administrator\Desktop\tracking\stereo\LDA\LDA\Debug\LDA.exe
C:\Users\Administrator\Desktop\tracking\stereo\LDA\LDA\Debug\LDA.ilk
